2023-04-10 13:07:11.924 [main] INFO  api.test.UserTest - ***********creating user*************
2023-04-10 13:07:26.186 [main] INFO  api.test.UserTest - ***********user created*************
2023-04-10 13:07:26.269 [main] INFO  api.test.UserTest - ***********reading user info*************
2023-04-10 13:07:30.306 [main] INFO  api.test.UserTest - ***********user info displayed*************
2023-04-10 13:07:30.336 [main] INFO  api.test.UserTest - ***********updating user*************
2023-04-10 13:07:55.636 [main] INFO  api.test.UserTest - ***********user updated*************
2023-04-10 13:08:02.504 [main] INFO  api.test.UserTest - ***********deleting user*************
2023-04-10 13:08:06.923 [main] INFO  api.test.UserTest - ***********user deleted*************
2023-04-10 13:35:44.720 [main] INFO  api.test.UserTest - ***********creating user*************
2023-04-10 13:36:02.895 [main] INFO  api.test.UserTest - ***********user created*************
2023-04-10 13:36:03.046 [main] INFO  api.test.UserTest - ***********reading user info*************
2023-04-10 13:36:06.116 [main] INFO  api.test.UserTest - ***********user info displayed*************
2023-04-10 13:36:06.142 [main] INFO  api.test.UserTest - ***********updating user*************
2023-04-10 13:36:13.602 [main] INFO  api.test.UserTest - ***********user updated*************
2023-04-10 13:36:26.385 [main] INFO  api.test.UserTest - ***********deleting user*************
2023-04-10 13:36:33.813 [main] INFO  api.test.UserTest - ***********user deleted*************
2023-04-10 13:40:24.329 [main] INFO  api.test.UserTest2 - ***********creating user by routes properties*************
2023-04-10 13:40:48.181 [main] INFO  api.test.UserTest2 - ***********user created*************
2023-04-10 13:40:48.260 [main] INFO  api.test.UserTest2 - ***********reading user info*************
2023-04-10 13:41:07.921 [main] INFO  api.test.UserTest2 - ***********user info displayed*************
2023-04-10 13:41:07.947 [main] INFO  api.test.UserTest2 - ***********updating user*************
2023-04-10 13:41:20.961 [main] INFO  api.test.UserTest2 - ***********user updated*************
2023-04-10 13:41:33.593 [main] INFO  api.test.UserTest2 - ***********deleting user*************
2023-04-10 13:41:50.027 [main] INFO  api.test.UserTest2 - ***********user deleted*************
2023-04-10 13:59:00.484 [main] INFO  api.test.UserTest - ***********creating user*************
2023-04-10 13:59:12.819 [main] INFO  api.test.UserTest - ***********user created*************
2023-04-10 13:59:12.851 [main] INFO  api.test.UserTest - ***********reading user info*************
2023-04-10 13:59:18.371 [main] INFO  api.test.UserTest - ***********user info displayed*************
2023-04-10 13:59:18.375 [main] INFO  api.test.UserTest - ***********updating user*************
2023-04-10 13:59:20.892 [main] INFO  api.test.UserTest - ***********user updated*************
2023-04-10 13:59:24.487 [main] INFO  api.test.UserTest - ***********deleting user*************
2023-04-10 13:59:30.915 [main] INFO  api.test.UserTest - ***********user deleted*************
2023-04-10 17:18:20.539 [main] INFO  api.test.UserTest - ***********creating user*************
2023-04-10 17:18:33.963 [main] INFO  api.test.UserTest - ***********user created*************
2023-04-10 17:18:33.970 [main] INFO  api.test.UserTest - ***********reading user info*************
2023-04-10 17:18:59.256 [main] INFO  api.test.UserTest - ***********user info displayed*************
2023-04-10 17:18:59.260 [main] INFO  api.test.UserTest - ***********updating user*************
2023-04-10 17:19:47.254 [main] INFO  api.test.UserTest - ***********user updated*************
2023-04-10 17:19:58.189 [main] INFO  api.test.UserTest - ***********deleting user*************
2023-04-10 17:20:00.974 [main] INFO  api.test.UserTest - ***********user deleted*************
